# JRE version: Java(TM) SE Runtime Environment (8.0_144-b01) (build 1.8.0_144-b01)
# Java VM: Java HotSpot(TM) 64-Bit Server VM (25.144-b01 mixed mode windows-amd64 compressed oops)
Heap:
 PSYoungGen      total 38400K, used 31930K [0x00000000d5c00000, 0x00000000d8680000, 0x0000000100000000)
  eden space 33280K, 81% used [0x00000000d5c00000,0x00000000d7685a20,0x00000000d7c80000)
  from space 5120K, 93% used [0x00000000d8180000,0x00000000d86291a0,0x00000000d8680000)
  to   space 5120K, 0% used [0x00000000d7c80000,0x00000000d7c80000,0x00000000d8180000)
 ParOldGen       total 87552K, used 4336K [0x0000000081400000, 0x0000000086980000, 0x00000000d5c00000)
  object space 87552K, 4% used [0x0000000081400000,0x000000008183c2e0,0x0000000086980000)
 Metaspace       used 12949K, capacity 13170K, committed 13440K, reserved 1060864K
  class space    used 1498K, capacity 1570K, committed 1664K, reserved 1048576K
GC Heap History (4 events):
Event: 43.633 GC heap before
{Heap before GC invocations=1 (full 0):
 PSYoungGen      total 38400K, used 33280K [0x00000000d5c00000, 0x00000000d8680000, 0x0000000100000000)
  eden space 33280K, 100% used [0x00000000d5c00000,0x00000000d7c80000,0x00000000d7c80000)
  from space 5120K, 0% used [0x00000000d8180000,0x00000000d8180000,0x00000000d8680000)
  to   space 5120K, 0% used [0x00000000d7c80000,0x00000000d7c80000,0x00000000d8180000)
 ParOldGen       total 87552K, used 0K [0x0000000081400000, 0x0000000086980000, 0x00000000d5c00000)
  object space 87552K, 0% used [0x0000000081400000,0x0000000081400000,0x0000000086980000)
 Metaspace       used 12763K, capacity 12966K, committed 13184K, reserved 1060864K
  class space    used 1481K, capacity 1568K, committed 1664K, reserved 1048576K
Event: 43.644 GC heap after
Heap after GC invocations=1 (full 0):
 PSYoungGen      total 38400K, used 4500K [0x00000000d5c00000, 0x00000000d8680000, 0x0000000100000000)
  eden space 33280K, 0% used [0x00000000d5c00000,0x00000000d5c00000,0x00000000d7c80000)
  from space 5120K, 87% used [0x00000000d7c80000,0x00000000d80e5190,0x00000000d8180000)
  to   space 5120K, 0% used [0x00000000d8180000,0x00000000d8180000,0x00000000d8680000)
 ParOldGen       total 87552K, used 4328K [0x0000000081400000, 0x0000000086980000, 0x00000000d5c00000)
  object space 87552K, 4% used [0x0000000081400000,0x000000008183a2e0,0x0000000086980000)
 Metaspace       used 12763K, capacity 12966K, committed 13184K, reserved 1060864K
  class space    used 1481K, capacity 1568K, committed 1664K, reserved 1048576K
}
Event: 54.386 GC heap before
{Heap before GC invocations=2 (full 0):
 PSYoungGen      total 38400K, used 37780K [0x00000000d5c00000, 0x00000000d8680000, 0x0000000100000000)
  eden space 33280K, 100% used [0x00000000d5c00000,0x00000000d7c80000,0x00000000d7c80000)
  from space 5120K, 87% used [0x00000000d7c80000,0x00000000d80e5190,0x00000000d8180000)
  to   space 5120K, 0% used [0x00000000d8180000,0x00000000d8180000,0x00000000d8680000)
 ParOldGen       total 87552K, used 4328K [0x0000000081400000, 0x0000000086980000, 0x00000000d5c00000)
  object space 87552K, 4% used [0x0000000081400000,0x000000008183a2e0,0x0000000086980000)
 Metaspace       used 12862K, capacity 13094K, committed 13440K, reserved 1060864K
  class space    used 1494K, capacity 1568K, committed 1664K, reserved 1048576K
Event: 54.391 GC heap after
Heap after GC invocations=2 (full 0):
 PSYoungGen      total 38400K, used 4772K [0x00000000d5c00000, 0x00000000d8680000, 0x0000000100000000)
  eden space 33280K, 0% used [0x00000000d5c00000,0x00000000d5c00000,0x00000000d7c80000)
  from space 5120K, 93% used [0x00000000d8180000,0x00000000d86291a0,0x00000000d8680000)
  to   space 5120K, 0% used [0x00000000d7c80000,0x00000000d7c80000,0x00000000d8180000)
 ParOldGen       total 87552K, used 4336K [0x0000000081400000, 0x0000000086980000, 0x00000000d5c00000)
  object space 87552K, 4% used [0x0000000081400000,0x000000008183c2e0,0x0000000086980000)
 Metaspace       used 12862K, capacity 13094K, committed 13440K, reserved 1060864K
  class space    used 1494K, capacity 1568K, committed 1664K, reserved 1048576K
}

